#
# There is insufficient memory for the Java Runtime Environment to continue.
# Native memory allocation (malloc) failed to allocate 32744 bytes for ChunkPool::allocate
# Possible reasons:
#   The system is out of physical RAM or swap space
#   In 32 bit mode, the process size limit was hit
# Possible solutions:
#   Reduce memory load on the system
#   Increase physical memory or swap space
#   Check if swap backing store is full
#   Use 64 bit Java on a 64 bit OS
#   Decrease Java heap size (-Xmx/-Xms)
#   Decrease number of Java threads
#   Decrease Java thread stack sizes (-Xss)
#   Set larger code cache with -XX:ReservedCodeCacheSize=
# This output file may be truncated or incomplete.
#
#  Out of Memory Error (allocation.cpp:273), pid=6864, tid=0x0000000000001b0c
#
# JRE version: OpenJDK Runtime Environment (8.0_112-b06) (build 1.8.0_112-release-b06)
# Java VM: OpenJDK 64-Bit Server VM (25.112-b06 mixed mode windows-amd64 compressed oops)
# Failed to write core dump. Minidumps are not enabled by default on client versions of Windows
#

---------------  T H R E A D  ---------------

Current thread (0x00000000564f7800):  JavaThread "C2 CompilerThread1" daemon [_thread_in_native, id=6924, stack(0x0000000056d40000,0x0000000056e40000)]

Stack: [0x0000000056d40000,0x0000000056e40000]
[error occurred during error reporting (printing stack bounds), id 0xc0000005]

Native frames: (J=compiled Java code, j=interpreted, Vv=VM code, C=native code)


Current CompileTask:
C2:   1638 1012   !   4       com.android.dx.cf.code.BytecodeArray::parseInstruction (2764 bytes)


---------------  P R O C E S S  ---------------

Java Threads: ( => current thread )
  0x0000000056829800 JavaThread "pool-2-thread-4" [_thread_blocked, id=6600, stack(0x00000000579d0000,0x0000000057ad0000)]
  0x0000000056683000 JavaThread "pool-2-thread-3" [_thread_blocked, id=7772, stack(0x0000000057770000,0x0000000057870000)]
  0x0000000056656800 JavaThread "pool-2-thread-2" [_thread_in_Java, id=8820, stack(0x0000000057550000,0x0000000057650000)]
  0x0000000056655800 JavaThread "pool-3-thread-1" [_thread_blocked, id=8204, stack(0x0000000057380000,0x0000000057480000)]
  0x0000000056655000 JavaThread "pool-2-thread-1" [_thread_blocked, id=5068, stack(0x0000000057250000,0x0000000057350000)]
  0x00000000550ed800 JavaThread "Service Thread" daemon [_thread_blocked, id=5228, stack(0x0000000057000000,0x0000000057100000)]
  0x00000000564f8800 JavaThread "C1 CompilerThread2" daemon [_thread_in_native, id=1692, stack(0x0000000056e80000,0x0000000056f80000)]
=>0x00000000564f7800 JavaThread "C2 CompilerThread1" daemon [_thread_in_native, id=6924, stack(0x0000000056d40000,0x0000000056e40000)]
  0x00000000564f4000 JavaThread "C2 CompilerThread0" daemon [_thread_in_native, id=4868, stack(0x0000000056b10000,0x0000000056c10000)]
  0x00000000550e3800 JavaThread "Attach Listener" daemon [_thread_blocked, id=7636, stack(0x0000000056920000,0x0000000056a20000)]
  0x00000000550e2800 JavaThread "Signal Dispatcher" daemon [_thread_blocked, id=4604, stack(0x0000000056270000,0x0000000056370000)]
  0x00000000550c7800 JavaThread "Finalizer" daemon [_thread_blocked, id=6352, stack(0x00000000563f0000,0x00000000564f0000)]
  0x0000000055080000 JavaThread "Reference Handler" daemon [_thread_blocked, id=8596, stack(0x0000000056140000,0x0000000056240000)]
  0x00000000004be000 JavaThread "main" [_thread_in_native, id=4500, stack(0x0000000002550000,0x0000000002650000)]

Other Threads:
  0x0000000055078800 VMThread [stack: 0x0000000055fe0000,0x00000000560e0000] [id=5796]
  0x00000000550ef000 WatcherThread [stack: 0x0000000057150000,0x0000000057250000] [id=3556]

VM state:not at safepoint (normal execution)

VM Mutex/Monitor currently owned by a thread: None

Heap:
 PSYoungGen      total 37888K, used 32768K [0x00000000eab00000, 0x00000000ed500000, 0x0000000100000000)
  eden space 32768K, 100% used [0x00000000eab00000,0x00000000ecb00000,0x00000000ecb00000)
  from space 5120K, 0% used [0x00000000ed000000,0x00000000ed000000,0x00000000ed500000)
  to   space 5120K, 0% used [0x00000000ecb00000,0x00000000ecb00000,0x00000000ed000000)
 ParOldGen       total 86016K, used 0K [0x00000000c0000000, 0x00000000c5400000, 0x00000000eab00000)
  object space 86016K, 0% used [0x00000000c0000000,0x00000000c0000000,0x00000000c5400000)
 Metaspace       used 5695K, capacity 6896K, committed 7040K, reserved 1056768K
  class space    used 561K, capacity 616K, committed 640K, reserved 1048576K

Card table byte_map: [0x0000000011ce0000,0x0000000011ef0000] byte_map_base: 0x00000000116e0000

Marking Bits: (ParMarkBitMap*) 0x00000000697c18f0
 Begin Bits: [0x00000000124f0000, 0x00000000134f0000)
 End Bits:   [0x00000000134f0000, 0x00000000144f0000)

Polling page: 0x0000000000430000

CodeCache: size=245760Kb used=4501Kb max_used=4501Kb free=241258Kb
 bounds [0x0000000002920000, 0x0000000002d90000, 0x0000000011920000]
 total_blobs=1401 nmethods=1140 adapters=175
 compilation: enabled

Compilation events (10 events):
Event: 1.595 Thread 0x00000000564f8800 nmethod 1147 0x0000000002d858d0 code [0x0000000002d85aa0, 0x0000000002d86428]
Event: 1.597 Thread 0x00000000564f8800 1148       3       java.util.HashMap$HashIterator::hasNext (13 bytes)
Event: 1.597 Thread 0x00000000564f8800 nmethod 1148 0x0000000002d86710 code [0x0000000002d86860, 0x0000000002d86a10]
Event: 1.597 Thread 0x00000000564f8800 1149       3       java.lang.Float::isNaN (12 bytes)
Event: 1.597 Thread 0x00000000564f8800 nmethod 1149 0x0000000002d86a90 code [0x0000000002d86be0, 0x0000000002d86d90]
Event: 1.598 Thread 0x00000000564f8800 1150       1       com.android.dx.cf.attrib.AttSourceFile::getSourceFile (5 bytes)
Event: 1.598 Thread 0x00000000564f8800 nmethod 1150 0x0000000002d86e10 code [0x0000000002d86f60, 0x0000000002d87070]
Event: 1.598 Thread 0x00000000564f8800 1151       3       com.android.dx.cf.code.BasicBlocker::getBlockList (208 bytes)
Event: 1.599 Thread 0x00000000564f8800 nmethod 1151 0x0000000002d870d0 code [0x0000000002d87340, 0x0000000002d88528]
Event: 1.600 Thread 0x00000000564f8800 1152       3       com.android.dx.ssa.Dominators::run (506 bytes)

GC Heap History (0 events):
No events

Deoptimization events (10 events):
Event: 1.350 Thread 0x0000000056655000 Uncommon trap: reason=unstable_if action=reinterpret pc=0x0000000002d2cd98 method=com.android.dx.ssa.NormalSsaInsn.getLocalAssignment()Lcom/android/dx/rop/code/RegisterSpec; @ 12
Event: 1.350 Thread 0x0000000056655000 Uncommon trap: reason=unstable_if action=reinterpret pc=0x0000000002ca78a0 method=com.android.dx.ssa.NormalSsaInsn.getLocalAssignment()Lcom/android/dx/rop/code/RegisterSpec; @ 12
Event: 1.552 Thread 0x00000000004be000 Uncommon trap: reason=unstable_if action=reinterpret pc=0x0000000002b1fcd0 method=java.lang.String.<init>([CII)V @ 18
Event: 1.594 Thread 0x0000000056829800 Uncommon trap: reason=unstable_if action=reinterpret pc=0x0000000002d65a30 method=com.android.dx.rop.code.RegisterSpec.equals(ILcom/android/dx/rop/type/TypeBearer;Lcom/android/dx/rop/code/LocalItem;)Z @ 16
Event: 1.604 Thread 0x0000000056829800 Uncommon trap: reason=unstable_if action=reinterpret pc=0x0000000002cb0a10 method=com.android.dx.util.IntList.binarysearch(I)I @ 26
Event: 1.604 Thread 0x0000000056829800 Uncommon trap: reason=unstable_if action=reinterpret pc=0x0000000002d27574 method=com.android.dx.cf.code.Ropper.labelToResultIndex(I)I @ 34
Event: 1.604 Thread 0x0000000056829800 Uncommon trap: reason=class_check action=maybe_recompile pc=0x0000000002bd3618 method=com.android.dx.rop.type.Type.equals(Ljava/lang/Object;)Z @ 8
Event: 1.605 Thread 0x0000000056829800 Uncommon trap: reason=class_check action=maybe_recompile pc=0x0000000002bd3618 method=com.android.dx.rop.type.Type.equals(Ljava/lang/Object;)Z @ 8
Event: 1.606 Thread 0x0000000056829800 Uncommon trap: reason=class_check action=maybe_recompile pc=0x0000000002bd3618 method=com.android.dx.rop.type.Type.equals(Ljava/lang/Object;)Z @ 8
Event: 1.606 Thread 0x0000000056829800 Uncommon trap: reason=class_check action=maybe_recompile pc=0x0000000002bd3618 method=com.android.dx.rop.type.Type.equals(Ljava/lang/Object;)Z @ 8

Internal exceptions (2 events):
Event: 0.057 Thread 0x00000000004be000 Exception <a 'java/lang/NoSuchMethodError': Method sun.misc.Unsafe.defineClass(Ljava/lang/String;[BII)Ljava/lang/Class; name or signature does not match> (0x00000000eab07c78) thrown at [C:\src\android\AOSP-openjdk\external\jetbrains\jdk\hotspot\src\share\v\ø¯è–$≠?
Event: 0.057 Thread 0x00000000004be000 Exception <a 'java/lang/NoSuchMethodError': Method sun.misc.Unsafe.prefetchRead(Ljava/lang/Object;J)V name or signature does not match> (0x00000000eab07f60) thrown at [C:\src\android\AOSP-openjdk\external\jetbrains\jdk\hotspot\src\share\vm\prims\jni.cpp, l

Events (10 events):
Event: 1.604 Thread 0x0000000056829800 DEOPT UNPACKING pc=0x000000000296556a sp=0x0000000057ace9e8 mode 2
Event: 1.605 Thread 0x0000000056829800 Uncommon trap: trap_request=0xffffffde fr.pc=0x0000000002bd3618
Event: 1.605 Thread 0x0000000056829800 DEOPT PACKING pc=0x0000000002bd3618 sp=0x0000000057ace540
Event: 1.605 Thread 0x0000000056829800 DEOPT UNPACKING pc=0x000000000296556a sp=0x0000000057ace4d8 mode 2
Event: 1.606 Thread 0x0000000056829800 Uncommon trap: trap_request=0xffffffde fr.pc=0x0000000002bd3618
Event: 1.606 Thread 0x0000000056829800 DEOPT PACKING pc=0x0000000002bd3618 sp=0x0000000057acde70
Event: 1.606 Thread 0x0000000056829800 DEOPT UNPACKING pc=0x000000000296556a sp=0x0000000057acde08 mode 2
Event: 1.606 Thread 0x0000000056829800 Uncommon trap: trap_request=0xffffffde fr.pc=0x0000000002bd3618
Event: 1.606 Thread 0x0000000056829800 DEOPT PACKING pc=0x0000000002bd3618 sp=0x0000000057acdcd0
Event: 1.606 Thread 0x0000000056829800 DEOPT UNPACKING pc=0x000000000296556a sp=0x0000000057acdc68 mode 2


Dynamic libraries:
0x000000013f9c0000 - 0x000000013f9f1000 	C:\Program Files\Android\Android Studio\jre\bin\java.exe
0x0000000077790000 - 0x000000007793a000 	C:\Windows\SYSTEM32\ntdll.dll
0x0000000077670000 - 0x000000007778f000 	C:\Windows\system32\kernel32.dll
0x000007fefd6b0000 - 0x000007fefd71a000 	C:\Windows\system32\KERNELBASE.dll
0x000007fefe630000 - 0x000007fefe70b000 	C:\Windows\system32\ADVAPI32.dll
0x000007feff7f0000 - 0x000007feff88f000 	C:\Windows\system32\msvcrt.dll
0x000007fefe420000 - 0x000007fefe43f000 	C:\Windows\SYSTEM32\sechost.dll
0x000007fefdbb0000 - 0x000007fefdcdd000 	C:\Windows\system32\RPCRT4.dll
0x0000000077570000 - 0x000000007766a000 	C:\Windows\system32\USER32.dll
0x000007fefe2a0000 - 0x000007fefe307000 	C:\Windows\system32\GDI32.dll
0x000007feffa90000 - 0x000007feffa9e000 	C:\Windows\system32\LPK.dll
0x000007fefe180000 - 0x000007fefe24a000 	C:\Windows\system32\USP10.dll
0x000007fefa1a0000 - 0x000007fefa394000 	C:\Windows\WinSxS\amd64_microsoft.windows.common-controls_6595b64144ccf1df_6.0.7601.17514_none_fa396087175ac9ac\COMCTL32.dll
0x000007fefdb30000 - 0x000007fefdba1000 	C:\Windows\system32\SHLWAPI.dll
0x000007fefe150000 - 0x000007fefe17e000 	C:\Windows\system32\IMM32.DLL
0x000007fefe310000 - 0x000007fefe419000 	C:\Windows\system32\MSCTF.dll
0x0000000067c20000 - 0x0000000067cf2000 	C:\Program Files\Android\Android Studio\jre\jre\bin\msvcr100.dll
0x0000000069000000 - 0x000000006983c000 	C:\Program Files\Android\Android Studio\jre\jre\bin\server\jvm.dll
0x000007fee1970000 - 0x000007fee1979000 	C:\Windows\system32\WSOCK32.dll
0x000007fefe250000 - 0x000007fefe29d000 	C:\Windows\system32\WS2_32.dll
0x000007fefe440000 - 0x000007fefe448000 	C:\Windows\system32\NSI.dll
0x000007fefc340000 - 0x000007fefc37b000 	C:\Windows\system32\WINMM.dll
0x000007fefc2b0000 - 0x000007fefc2bc000 	C:\Windows\system32\VERSION.dll
0x0000000077960000 - 0x0000000077967000 	C:\Windows\system32\PSAPI.DLL
0x000007fefb690000 - 0x000007fefb69f000 	C:\Program Files\Android\Android Studio\jre\jre\bin\verify.dll
0x000007fee32a0000 - 0x000007fee32c9000 	C:\Program Files\Android\Android Studio\jre\jre\bin\java.dll
0x000007fef2720000 - 0x000007fef2736000 	C:\Program Files\Android\Android Studio\jre\jre\bin\zip.dll
0x000007fefe770000 - 0x000007feff4f8000 	C:\Windows\system32\SHELL32.dll
0x000007fefdce0000 - 0x000007fefdee3000 	C:\Windows\system32\ole32.dll
0x000007fefd540000 - 0x000007fefd54f000 	C:\Windows\system32\profapi.dll

VM Arguments:
jvm_args: -Djava.awt.headless=true -Xmx1024M -Dfile.encoding=UTF-8 -Duser.country=RU -Duser.language=ru -Duser.variant 
java_command: com.android.dx.command.Main --dex --force-jumbo --num-threads=4 --multi-dex --output C:\AndroidStudioProjects\AndroidDZ\presentation\build\intermediates\transforms\dex\debug\folders\1000\5\slice_2 C:\AndroidStudioProjects\AndroidDZ\presentation\build\intermediates\transforms\instantRunSlicer\debug\folders\1\5\slice_2
java_class_path (initial): C:\Android\sdk\build-tools\25.0.3\lib\dx.jar
Launcher Type: SUN_STANDARD

Environment Variables:
JAVA_HOME=C:\Program Files\Java\jdk1.8.0_131
CLASSPATH=.;
PATH=C:\ProgramData\Oracle\Java\javapath;C:\Program Files (x86)\Intel\iCLS Client\;C:\Program Files\Intel\iCLS Client\;C:\Windows\system32;C:\Windows;C:\Windows\System32\Wbem;C:\Windows\System32\WindowsPowerShell\v1.0\;C:\Program Files (x86)\Skype\Phone\;C:\Program Files\Java\jdk1.8.0_131\bin;C:\Program Files\Intel\Intel(R) Management Engine Components\DAL;C:\Program Files (x86)\Intel\Intel(R) Management Engine Components\DAL;C:\Program Files\Intel\Intel(R) Management Engine Components\IPT;C:\Program Files (x86)\Intel\Intel(R) Management Engine Components\IPT;C:\Android\sdk\platform-tools\
USERNAME=Kvartira_97
OS=Windows_NT
PROCESSOR_IDENTIFIER=Intel64 Family 6 Model 60 Stepping 3, GenuineIntel



---------------  S Y S T E M  ---------------

OS: Windows 7 , 64 bit Build 7601 (6.1.7601.23677)

CPU:total 4 (2 cores per cpu, 2 threads per core) family 6 model 60 stepping 3, cmov, cx8, fxsr, mmx, sse, sse2, sse3, ssse3, sse4.1, sse4.2, popcnt, avx, avx2, aes, clmul, erms, lzcnt, ht, tsc, tscinvbit, bmi1, bmi2

Memory: 4k page, physical 8240204k(672552k free), swap 12432648k(2008k free)

vm_info: OpenJDK 64-Bit Server VM (25.112-b06) for windows-amd64 JRE (1.8.0_112-release-b06), built on Dec  8 2016 00:54:26 by "builder" with MS VC++ 10.0 (VS2010)

time: Mon Sep 04 15:00:36 2017
elapsed time: 1 seconds (0d 0h 0m 1s)

